Flow report for Encoder
Sun Nov 19 18:22:38 2023
Quartus Prime Version 20.1.1 Build 720 11/11/2020 SJ Lite Edition


---------------------
; Table of Contents ;
---------------------
  1. Legal Notice
  2. Flow Summary
  3. Flow Settings
  4. Flow Non-Default Global Settings
  5. Flow Elapsed Time
  6. Flow OS Summary
  7. Flow Log
  8. Flow Messages
  9. Flow Suppressed Messages



----------------
; Legal Notice ;
----------------
Copyright (C) 2020  Intel Corporation. All rights reserved.
Your use of Intel Corporation's design tools, logic functions 
and other software and tools, and any partner logic 
functions, and any output files from any of the foregoing 
(including device programming or simulation files), and any 
associated documentation or information are expressly subject 
to the terms and conditions of the Intel Program License 
Subscription Agreement, the Intel Quartus Prime License Agreement,
the Intel FPGA IP License Agreement, or other applicable license
agreement, including, without limitation, that your use is for
the sole purpose of programming logic devices manufactured by
Intel and sold by Intel or its authorized distributors.  Please
refer to the applicable agreement for further details, at
https://fpgasoftware.intel.com/eula.



+-------------------------------------------------------------------------------+
; Flow Summary                                                                  ;
+---------------------------------+---------------------------------------------+
; Flow Status                     ; Successful - Sun Nov 19 18:22:38 2023       ;
; Quartus Prime Version           ; 20.1.1 Build 720 11/11/2020 SJ Lite Edition ;
; Revision Name                   ; Encoder                                     ;
; Top-level Entity Name           ; Encoder                                     ;
; Family                          ; Cyclone V                                   ;
; Device                          ; 5CGXFC7C7F23C8                              ;
; Timing Models                   ; Final                                       ;
; Logic utilization (in ALMs)     ; 9 / 56,480 ( < 1 % )                        ;
; Total registers                 ; 0                                           ;
; Total pins                      ; 40 / 268 ( 15 % )                           ;
; Total virtual pins              ; 0                                           ;
; Total block memory bits         ; 0 / 7,024,640 ( 0 % )                       ;
; Total DSP Blocks                ; 0 / 156 ( 0 % )                             ;
; Total HSSI RX PCSs              ; 0 / 6 ( 0 % )                               ;
; Total HSSI PMA RX Deserializers ; 0 / 6 ( 0 % )                               ;
; Total HSSI TX PCSs              ; 0 / 6 ( 0 % )                               ;
; Total HSSI PMA TX Serializers   ; 0 / 6 ( 0 % )                               ;
; Total PLLs                      ; 0 / 13 ( 0 % )                              ;
; Total DLLs                      ; 0 / 4 ( 0 % )                               ;
+---------------------------------+---------------------------------------------+


+-----------------------------------------+
; Flow Settings                           ;
+-------------------+---------------------+
; Option            ; Setting             ;
+-------------------+---------------------+
; Start date & time ; 11/19/2023 18:04:41 ;
; Main task         ; Compilation         ;
; Revision Name     ; Encoder             ;
+-------------------+---------------------+


+------------------------------------------------------------------------------------------------------------------------------------------------+
; Flow Non-Default Global Settings                                                                                                               ;
+-------------------------------------+----------------------------------------+---------------+-------------+-----------------------------------+
; Assignment Name                     ; Value                                  ; Default Value ; Entity Name ; Section Id                        ;
+-------------------------------------+----------------------------------------+---------------+-------------+-----------------------------------+
; COMPILER_SIGNATURE_ID               ; 140953632340426.170041708135099        ; --            ; --          ; --                                ;
; EDA_GENERATE_FUNCTIONAL_NETLIST     ; Off                                    ; --            ; --          ; eda_board_design_timing           ;
; EDA_GENERATE_FUNCTIONAL_NETLIST     ; Off                                    ; --            ; --          ; eda_board_design_boundary_scan    ;
; EDA_GENERATE_FUNCTIONAL_NETLIST     ; Off                                    ; --            ; --          ; eda_board_design_signal_integrity ;
; EDA_GENERATE_FUNCTIONAL_NETLIST     ; Off                                    ; --            ; --          ; eda_board_design_symbol           ;
; EDA_OUTPUT_DATA_FORMAT              ; Verilog Hdl                            ; --            ; --          ; eda_simulation                    ;
; EDA_SIMULATION_TOOL                 ; ModelSim-Altera (Verilog)              ; <None>        ; --          ; --                                ;
; EDA_TIME_SCALE                      ; 1 ps                                   ; --            ; --          ; eda_simulation                    ;
; MAX_CORE_JUNCTION_TEMP              ; 85                                     ; --            ; --          ; --                                ;
; MIN_CORE_JUNCTION_TEMP              ; 0                                      ; --            ; --          ; --                                ;
; PARTITION_COLOR                     ; -- (Not supported for targeted family) ; --            ; --          ; Top                               ;
; PARTITION_FITTER_PRESERVATION_LEVEL ; -- (Not supported for targeted family) ; --            ; --          ; Top                               ;
; PARTITION_NETLIST_TYPE              ; -- (Not supported for targeted family) ; --            ; --          ; Top                               ;
; PROJECT_OUTPUT_DIRECTORY            ; output_files                           ; --            ; --          ; --                                ;
+-------------------------------------+----------------------------------------+---------------+-------------+-----------------------------------+


+--------------------------------------------------------------------------------------------------------------------------+
; Flow Elapsed Time                                                                                                        ;
+----------------------+--------------+-------------------------+---------------------+------------------------------------+
; Module Name          ; Elapsed Time ; Average Processors Used ; Peak Virtual Memory ; Total CPU Time (on all processors) ;
+----------------------+--------------+-------------------------+---------------------+------------------------------------+
; Analysis & Synthesis ; 00:00:07     ; 1.0                     ; 481 MB              ; 00:00:15                           ;
; Fitter               ; 00:00:21     ; 1.0                     ; 1997 MB             ; 00:00:45                           ;
; Assembler            ; 00:00:06     ; 1.0                     ; 490 MB              ; 00:00:06                           ;
; Timing Analyzer      ; 00:00:03     ; 1.0                     ; 842 MB              ; 00:00:04                           ;
; EDA Netlist Writer   ; 00:00:01     ; 1.0                     ; 673 MB              ; 00:00:01                           ;
; EDA Netlist Writer   ; 00:00:00     ; 1.0                     ; 669 MB              ; 00:00:01                           ;
; EDA Netlist Writer   ; 00:00:00     ; 1.0                     ; 669 MB              ; 00:00:01                           ;
; EDA Netlist Writer   ; 00:00:00     ; 1.0                     ; 673 MB              ; 00:00:01                           ;
; EDA Netlist Writer   ; 00:00:00     ; 1.0                     ; 669 MB              ; 00:00:01                           ;
; EDA Netlist Writer   ; 00:00:00     ; 1.0                     ; 673 MB              ; 00:00:01                           ;
; EDA Netlist Writer   ; 00:00:00     ; 1.0                     ; 669 MB              ; 00:00:01                           ;
; EDA Netlist Writer   ; 00:00:00     ; 1.0                     ; 673 MB              ; 00:00:01                           ;
; Total                ; 00:00:38     ; --                      ; --                  ; 00:01:18                           ;
+----------------------+--------------+-------------------------+---------------------+------------------------------------+


+----------------------------------------------------------------------------------------------------------------+
; Flow OS Summary                                                                                                ;
+----------------------+------------------------------------------+----------------+------------+----------------+
; Module Name          ; Machine Hostname                         ; OS Name        ; OS Version ; Processor type ;
+----------------------+------------------------------------------+----------------+------------+----------------+
; Analysis & Synthesis ; rafael-VivoBook-ASUSLaptop-X571LI-F571LI ; Ubuntu 22.04.3 ; 22         ; x86_64         ;
; Fitter               ; rafael-VivoBook-ASUSLaptop-X571LI-F571LI ; Ubuntu 22.04.3 ; 22         ; x86_64         ;
; Assembler            ; rafael-VivoBook-ASUSLaptop-X571LI-F571LI ; Ubuntu 22.04.3 ; 22         ; x86_64         ;
; Timing Analyzer      ; rafael-VivoBook-ASUSLaptop-X571LI-F571LI ; Ubuntu 22.04.3 ; 22         ; x86_64         ;
; EDA Netlist Writer   ; rafael-VivoBook-ASUSLaptop-X571LI-F571LI ; Ubuntu 22.04.3 ; 22         ; x86_64         ;
; EDA Netlist Writer   ; rafael-VivoBook-ASUSLaptop-X571LI-F571LI ; Ubuntu 22.04.3 ; 22         ; x86_64         ;
; EDA Netlist Writer   ; rafael-VivoBook-ASUSLaptop-X571LI-F571LI ; Ubuntu 22.04.3 ; 22         ; x86_64         ;
; EDA Netlist Writer   ; rafael-VivoBook-ASUSLaptop-X571LI-F571LI ; Ubuntu 22.04.3 ; 22         ; x86_64         ;
; EDA Netlist Writer   ; rafael-VivoBook-ASUSLaptop-X571LI-F571LI ; Ubuntu 22.04.3 ; 22         ; x86_64         ;
; EDA Netlist Writer   ; rafael-VivoBook-ASUSLaptop-X571LI-F571LI ; Ubuntu 22.04.3 ; 22         ; x86_64         ;
; EDA Netlist Writer   ; rafael-VivoBook-ASUSLaptop-X571LI-F571LI ; Ubuntu 22.04.3 ; 22         ; x86_64         ;
; EDA Netlist Writer   ; rafael-VivoBook-ASUSLaptop-X571LI-F571LI ; Ubuntu 22.04.3 ; 22         ; x86_64         ;
+----------------------+------------------------------------------+----------------+------------+----------------+


------------
; Flow Log ;
------------
quartus_map --read_settings_files=on --write_settings_files=off Encoder -c Encoder
quartus_fit --read_settings_files=off --write_settings_files=off Encoder -c Encoder
quartus_asm --read_settings_files=off --write_settings_files=off Encoder -c Encoder
quartus_sta Encoder -c Encoder
quartus_eda --read_settings_files=off --write_settings_files=off Encoder -c Encoder
quartus_eda --gen_testbench --tool=modelsim_oem --format=vhdl --write_settings_files=off Encoder -c Encoder --vector_source=/home/rafael/Desktop/AAD/AAD_assignment1/Encoder/output_files/Waveform.vwf --testbench_file=/home/rafael/Desktop/AAD/AAD_assignment1/Encoder/simulation/qsim/output_files/Waveform.vwf.vht
quartus_eda --gen_testbench --tool=modelsim_oem --format=vhdl --write_settings_files=off Encoder -c Encoder --vector_source=/home/rafael/Desktop/AAD/AAD_assignment1/Encoder/Waveform.vwf --testbench_file=/home/rafael/Desktop/AAD/AAD_assignment1/Encoder/simulation/qsim/Waveform.vwf.vht
quartus_eda --write_settings_files=off --simulation=on --functional=on --flatten_buses=off --tool=modelsim_oem --format=vhdl --output_directory=/home/rafael/Desktop/AAD/AAD_assignment1/Encoder/simulation/qsim/ Encoder -c Encoder
quartus_eda --gen_testbench --tool=modelsim_oem --format=vhdl --write_settings_files=off Encoder -c Encoder --vector_source=/home/rafael/Desktop/AAD/AAD_assignment1/Encoder/Waveform.vwf --testbench_file=/home/rafael/Desktop/AAD/AAD_assignment1/Encoder/simulation/qsim/Waveform.vwf.vht
quartus_eda --write_settings_files=off --simulation=on --functional=on --flatten_buses=off --tool=modelsim_oem --format=vhdl --output_directory=/home/rafael/Desktop/AAD/AAD_assignment1/Encoder/simulation/qsim/ Encoder -c Encoder
quartus_eda --gen_testbench --tool=modelsim_oem --format=vhdl --write_settings_files=off Encoder -c Encoder --vector_source=/home/rafael/Desktop/AAD/AAD_assignment1/Encoder/Waveform.vwf --testbench_file=/home/rafael/Desktop/AAD/AAD_assignment1/Encoder/simulation/qsim/Waveform.vwf.vht
quartus_eda --write_settings_files=off --simulation=on --functional=on --flatten_buses=off --tool=modelsim_oem --format=vhdl --output_directory=/home/rafael/Desktop/AAD/AAD_assignment1/Encoder/simulation/qsim/ Encoder -c Encoder



